Determining if the pthread_create exist failed with the following output:
Change Dir: /home/nautilus/Desktop/Repos/PaCE-Man/cmake-build-debug/CMakeFiles/CMakeTmp

Run Build Command:"/usr/bin/make" "cmTC_0f194/fast"
/usr/bin/make -f CMakeFiles/cmTC_0f194.dir/build.make CMakeFiles/cmTC_0f194.dir/build
make[1]: Entering directory '/home/nautilus/Desktop/Repos/PaCE-Man/cmake-build-debug/CMakeFiles/CMakeTmp'
Building C object CMakeFiles/cmTC_0f194.dir/CheckSymbolExists.c.o
/usr/bin/cc   -std=gnu99 -o CMakeFiles/cmTC_0f194.dir/CheckSymbolExists.c.o   -c /home/nautilus/Desktop/Repos/PaCE-Man/cmake-build-debug/CMakeFiles/CMakeTmp/CheckSymbolExists.c
Linking C executable cmTC_0f194
/home/nautilus/.local/share/JetBrains/Toolbox/apps/CLion/ch-0/181.5540.8/bin/cmake/bin/cmake -E cmake_link_script CMakeFiles/cmTC_0f194.dir/link.txt --verbose=1
/usr/bin/cc      CMakeFiles/cmTC_0f194.dir/CheckSymbolExists.c.o  -o cmTC_0f194 
CMakeFiles/cmTC_0f194.dir/CheckSymbolExists.c.o: In function `main':
CheckSymbolExists.c:(.text+0x1b): undefined reference to `pthread_create'
collect2: error: ld returned 1 exit status
CMakeFiles/cmTC_0f194.dir/build.make:97: recipe for target 'cmTC_0f194' failed
make[1]: *** [cmTC_0f194] Error 1
make[1]: Leaving directory '/home/nautilus/Desktop/Repos/PaCE-Man/cmake-build-debug/CMakeFiles/CMakeTmp'
Makefile:126: recipe for target 'cmTC_0f194/fast' failed
make: *** [cmTC_0f194/fast] Error 2

File /home/nautilus/Desktop/Repos/PaCE-Man/cmake-build-debug/CMakeFiles/CMakeTmp/CheckSymbolExists.c:
/* */
#include <pthread.h>

int main(int argc, char** argv)
{
  (void)argv;
#ifndef pthread_create
  return ((int*)(&pthread_create))[argc];
#else
  (void)argc;
  return 0;
#endif
}

